<?xml version="1.0" encoding="UTF-8"?>
<Site BuildName="Linux-g++"
	BuildStamp="20250120-0203-Experimental"
	Name="angga-ZenBook-UX425UAZ-UM425UAZ"
	Generator="ctest-3.31.2"
	CompilerName="/usr/bin/g++"
	CompilerVersion="13.3.0"
	OSName="Linux"
	Hostname="angga-ZenBook-UX425UAZ-UM425UAZ"
	OSRelease="6.8.0-40-generic"
	OSVersion="#40-Ubuntu SMP PREEMPT_DYNAMIC Fri Jul  5 10:34:03 UTC 2024"
	OSPlatform="x86_64"
	Is64Bits="1"
	VendorString="AuthenticAMD"
	VendorID="Advanced Micro Devices"
	FamilyID="23"
	ModelID="104"
	ModelName="AMD Ryzen 7 5700U with Radeon Graphics"
	ProcessorCacheSize="512"
	NumberOfLogicalCPU="16"
	NumberOfPhysicalCPU="8"
	TotalVirtualMemory="13482"
	TotalPhysicalMemory="15366"
	LogicalProcessorsPerPhysical="2"
	ProcessorClockFrequency="3926.89"
	>
	<Testing>
		<StartDateTime>Jan 20 16:35 WIB</StartDateTime>
		<StartTestTime>1737365713</StartTestTime>
		<TestList/>
		<EndDateTime>Jan 20 16:35 WIB</EndDateTime>
		<EndTestTime>1737365713</EndTestTime>
		<ElapsedMinutes>0</ElapsedMinutes>
	</Testing>
</Site>
